<?xml version="1.0" encoding="UTF-8"?>
<!-- Generated by org.testng.reporters.JUnitXMLReporter -->
<testsuite ignored="0" hostname="Christians-MBP.attlocal.net" failures="0" tests="2" name="Error Validations Test" time="18.986" errors="0" timestamp="2023-06-11T01:40:45 CDT">
  <testcase classname="christianacademy.tests.ErrorValidationsTest" name="LoginErrorValidation" time="1.156"/>
  <testcase classname="christianacademy.tests.ErrorValidationsTest" name="ProductErrorValidation" time="2.877"/>
</testsuite> <!-- Error Validations Test -->
